


ARM Macro Assembler    Page 1 


    1 00000000         ; * ----------------------------------------------------
                       ---------------------
    2 00000000         ; *  @file:    startup_MKE16Z4.s
    3 00000000         ; *  @purpose: CMSIS Cortex-M0P Core Device Startup File
                       
    4 00000000         ; *            MKE16Z4
    5 00000000         ; *  @version: 2.0
    6 00000000         ; *  @date:    2018-9-17
    7 00000000         ; *  @build:   b180925
    8 00000000         ; * ----------------------------------------------------
                       ---------------------
    9 00000000         ; *
   10 00000000         ; * Copyright 1997-2016 Freescale Semiconductor, Inc.
   11 00000000         ; * Copyright 2016-2018 NXP
   12 00000000         ; * All rights reserved.
   13 00000000         ; *
   14 00000000         ; * SPDX-License-Identifier: BSD-3-Clause
   15 00000000         ; *
   16 00000000         ; *------- <<< Use Configuration Wizard in Context Menu 
                       >>> ------------------
   17 00000000         ; *
   18 00000000         ; ******************************************************
                       ***********************/
   19 00000000         
   20 00000000         
   21 00000000                 PRESERVE8
   22 00000000                 THUMB
   23 00000000         
   24 00000000         
   25 00000000         ; Vector Table Mapped to Address 0 at Reset
   26 00000000         
   27 00000000                 AREA             RESET, DATA, READONLY
   28 00000000                 EXPORT           __Vectors
   29 00000000                 EXPORT           __Vectors_End
   30 00000000                 EXPORT           __Vectors_Size
   31 00000000                 IMPORT           |Image$$ARM_LIB_STACK$$ZI$$Limi
t|
   32 00000000         
   33 00000000 00000000 
                       __Vectors
                               DCD              |Image$$ARM_LIB_STACK$$ZI$$Limi
t| 
                                                            ; Top of Stack
   34 00000004 00000000        DCD              Reset_Handler ; Reset Handler
   35 00000008 00000000        DCD              NMI_Handler ;NMI Handler
   36 0000000C 00000000        DCD              HardFault_Handler 
                                                            ;Hard Fault Handler
                                                            
   37 00000010 00000000        DCD              0           ;Reserved
   38 00000014 00000000        DCD              0           ;Reserved
   39 00000018 00000000        DCD              0           ;Reserved
   40 0000001C 00000000        DCD              0           ;Reserved
   41 00000020 00000000        DCD              0           ;Reserved
   42 00000024 00000000        DCD              0           ;Reserved
   43 00000028 00000000        DCD              0           ;Reserved
   44 0000002C 00000000        DCD              SVC_Handler ;SVCall Handler
   45 00000030 00000000        DCD              0           ;Reserved
   46 00000034 00000000        DCD              0           ;Reserved
   47 00000038 00000000        DCD              PendSV_Handler ;PendSV Handler



ARM Macro Assembler    Page 2 


   48 0000003C 00000000        DCD              SysTick_Handler 
                                                            ;SysTick Handler
   49 00000040         
   50 00000040         ;External Interrupts
   51 00000040 00000000        DCD              Reserved16_IRQHandler 
                                                            ;Reserved interrupt
                                                            
   52 00000044 00000000        DCD              Reserved17_IRQHandler 
                                                            ;Reserved interrupt
                                                            
   53 00000048 00000000        DCD              Reserved18_IRQHandler 
                                                            ;Reserved interrupt
                                                            
   54 0000004C 00000000        DCD              Reserved19_IRQHandler 
                                                            ;Reserved interrupt
                                                            
   55 00000050 00000000        DCD              Reserved20_IRQHandler 
                                                            ;Reserved interrupt
                                                            
   56 00000054 00000000        DCD              FTFA_IRQHandler ;Flash memory s
                                                            ingle interrupt vec
                                                            tor for all sources
                                                            
   57 00000058 00000000        DCD              LVD_LVW_IRQHandler ;Low-voltage
                                                             detect, low-voltag
                                                            e warning
   58 0000005C 00000000        DCD              PORTAE_IRQHandler ;Pin detect (
                                                            Port A, E)
   59 00000060 00000000        DCD              LPI2C0_IRQHandler ;Inter-integr
                                                            ated circuit 0 inte
                                                            rrupt
   60 00000064 00000000        DCD              Reserved25_IRQHandler 
                                                            ;Reserved interrupt
                                                            
   61 00000068 00000000        DCD              LPSPI0_IRQHandler ;Serial perip
                                                            heral Interface 0 i
                                                            nterrupt
   62 0000006C 00000000        DCD              Reserved27_IRQHandler 
                                                            ;Reserved interrupt
                                                            
   63 00000070 00000000        DCD              LPUART0_IRQHandler ;Single inte
                                                            rrupt vector for al
                                                            l sources
   64 00000074 00000000        DCD              LPUART1_IRQHandler ;Single inte
                                                            rrupt vector for al
                                                            l sources
   65 00000078 00000000        DCD              LPUART2_IRQHandler ;Single inte
                                                            rrupt vector for al
                                                            l sources
   66 0000007C 00000000        DCD              ADC0_IRQHandler ;ADC0 conversio
                                                            n complete interrup
                                                            t
   67 00000080 00000000        DCD              CMP0_IRQHandler ;CMP0 interrupt
                                                            
   68 00000084 00000000        DCD              FTM0_IRQHandler ;FTM0 single in
                                                            terrupt vector for 
                                                            all sources
   69 00000088 00000000        DCD              FTM1_IRQHandler ;FTM1 single in
                                                            terrupt vector for 



ARM Macro Assembler    Page 3 


                                                            all sources
   70 0000008C 00000000        DCD              Reserved35_IRQHandler 
                                                            ;Reserved interrupt
                                                            
   71 00000090 00000000        DCD              RTC_IRQHandler ;Single interrup
                                                            t vector for all so
                                                            urces
   72 00000094 00000000        DCD              Reserved37_IRQHandler 
                                                            ;Reserved interrupt
                                                            
   73 00000098 00000000        DCD              LPIT0_IRQHandler 
                                                            ;LPIT channel 0-1
   74 0000009C 00000000        DCD              Reserved39_IRQHandler 
                                                            ;Reserved interrupt
                                                            
   75 000000A0 00000000        DCD              TSI_IRQHandler ;TSI interrupt
   76 000000A4 00000000        DCD              PDB0_IRQHandler ;Programmable d
                                                            elay block interrup
                                                            t
   77 000000A8 00000000        DCD              PORTBCD_IRQHandler ;Pin detect 
                                                            (Port B, C, D)
   78 000000AC 00000000        DCD              SCG_RCM_IRQHandler ;Single inte
                                                            rrupt vector for SC
                                                            G and RCM
   79 000000B0 00000000        DCD              WDOG_EWM_IRQHandler ;Single int
                                                            errupt vector for W
                                                            DOG and EWM
   80 000000B4 00000000        DCD              PWT_LPTMR0_IRQHandler ;Single i
                                                            nterrupt vector for
                                                             PWT and LPTMR0
   81 000000B8 00000000        DCD              MSCAN_Rx_IRQHandler 
                                                            ;MSCAN Rx Interrupt
                                                            
   82 000000BC 00000000        DCD              MSCAN_ORed_IRQHandler ;MSCAN Tx
                                                            , Err and Wake-up i
                                                            nterrupt
   83 000000C0         __Vectors_End
   84 000000C0         
   85 000000C0 000000C0 
                       __Vectors_Size
                               EQU              __Vectors_End - __Vectors
   86 000000C0         
   87 000000C0                 AREA             |.text|, CODE, READONLY
   88 00000000         
   89 00000000         ; Reset Handler
   90 00000000         
   91 00000000         Reset_Handler
                               PROC
   92 00000000                 EXPORT           Reset_Handler             [WEAK
]
   93 00000000                 IMPORT           __main
   94 00000000         
   95 00000000 B672            CPSID            I           ; Mask interrupts
   96 00000002 480F            LDR              R0, =0xE000ED08
   97 00000004 490F            LDR              R1, =__Vectors
   98 00000006 6001            STR              R1, [R0]
   99 00000008 680A            LDR              R2, [R1]
  100 0000000A F382 8808       MSR              MSP, R2
  101 0000000E B662            CPSIE            i           ; Unmask interrupts



ARM Macro Assembler    Page 4 


                                                            
  102 00000010 480D            LDR              R0, =__main
  103 00000012 4700            BX               R0
  104 00000014                 ENDP
  105 00000014         
  106 00000014         
  107 00000014         ; Dummy Exception Handlers (infinite loops which can be 
                       modified)
  109 00000014         NMI_Handler
                               PROC
  110 00000014                 EXPORT           NMI_Handler         [WEAK]
  111 00000014 E7FE            B                .
  112 00000016                 ENDP
  114 00000016         HardFault_Handler
                               PROC
  115 00000016                 EXPORT           HardFault_Handler         [WEAK
]
  116 00000016 E7FE            B                .
  117 00000018                 ENDP
  119 00000018         SVC_Handler
                               PROC
  120 00000018                 EXPORT           SVC_Handler         [WEAK]
  121 00000018 E7FE            B                .
  122 0000001A                 ENDP
  124 0000001A         PendSV_Handler
                               PROC
  125 0000001A                 EXPORT           PendSV_Handler         [WEAK]
  126 0000001A E7FE            B                .
  127 0000001C                 ENDP
  129 0000001C         SysTick_Handler
                               PROC
  130 0000001C                 EXPORT           SysTick_Handler         [WEAK]
  131 0000001C E7FE            B                .
  132 0000001E                 ENDP
  134 0000001E         LPI2C0_IRQHandler
                               PROC
  135 0000001E                 EXPORT           LPI2C0_IRQHandler         [WEAK
]
  136 0000001E 480B            LDR              R0, =LPI2C0_DriverIRQHandler
  137 00000020 4700            BX               R0
  138 00000022                 ENDP
  139 00000022         
  141 00000022         LPSPI0_IRQHandler
                               PROC
  142 00000022                 EXPORT           LPSPI0_IRQHandler         [WEAK
]
  143 00000022 480B            LDR              R0, =LPSPI0_DriverIRQHandler
  144 00000024 4700            BX               R0
  145 00000026                 ENDP
  146 00000026         
  148 00000026         LPUART0_IRQHandler
                               PROC
  149 00000026                 EXPORT           LPUART0_IRQHandler         [WEA
K]
  150 00000026 480B            LDR              R0, =LPUART0_DriverIRQHandler
  151 00000028 4700            BX               R0
  152 0000002A                 ENDP
  153 0000002A         
  155 0000002A         LPUART1_IRQHandler



ARM Macro Assembler    Page 5 


                               PROC
  156 0000002A                 EXPORT           LPUART1_IRQHandler         [WEA
K]
  157 0000002A 480B            LDR              R0, =LPUART1_DriverIRQHandler
  158 0000002C 4700            BX               R0
  159 0000002E                 ENDP
  160 0000002E         
  162 0000002E         LPUART2_IRQHandler
                               PROC
  163 0000002E                 EXPORT           LPUART2_IRQHandler         [WEA
K]
  164 0000002E 480B            LDR              R0, =LPUART2_DriverIRQHandler
  165 00000030 4700            BX               R0
  166 00000032                 ENDP
  167 00000032         
  169 00000032         MSCAN_Rx_IRQHandler
                               PROC
  170 00000032                 EXPORT           MSCAN_Rx_IRQHandler         [WE
AK]
  171 00000032 480B            LDR              R0, =MSCAN_DriverIRQHandler
  172 00000034 4700            BX               R0
  173 00000036                 ENDP
  174 00000036         
  176 00000036         MSCAN_ORed_IRQHandler
                               PROC
  177 00000036                 EXPORT           MSCAN_ORed_IRQHandler         [
WEAK]
  178 00000036 480A            LDR              R0, =MSCAN_DriverIRQHandler
  179 00000038 4700            BX               R0
  180 0000003A                 ENDP
  181 0000003A         
  183 0000003A         Default_Handler
                               PROC
  184 0000003A                 EXPORT           Reserved16_IRQHandler         [
WEAK]
  185 0000003A                 EXPORT           Reserved17_IRQHandler         [
WEAK]
  186 0000003A                 EXPORT           Reserved18_IRQHandler         [
WEAK]
  187 0000003A                 EXPORT           Reserved19_IRQHandler         [
WEAK]
  188 0000003A                 EXPORT           Reserved20_IRQHandler         [
WEAK]
  189 0000003A                 EXPORT           FTFA_IRQHandler         [WEAK]
  190 0000003A                 EXPORT           LVD_LVW_IRQHandler         [WEA
K]
  191 0000003A                 EXPORT           PORTAE_IRQHandler         [WEAK
]
  192 0000003A                 EXPORT           LPI2C0_DriverIRQHandler        
 [WEAK]
  193 0000003A                 EXPORT           Reserved25_IRQHandler         [
WEAK]
  194 0000003A                 EXPORT           LPSPI0_DriverIRQHandler        
 [WEAK]
  195 0000003A                 EXPORT           Reserved27_IRQHandler         [
WEAK]
  196 0000003A                 EXPORT           LPUART0_DriverIRQHandler       
  [WEAK]
  197 0000003A                 EXPORT           LPUART1_DriverIRQHandler       



ARM Macro Assembler    Page 6 


  [WEAK]
  198 0000003A                 EXPORT           LPUART2_DriverIRQHandler       
  [WEAK]
  199 0000003A                 EXPORT           ADC0_IRQHandler         [WEAK]
  200 0000003A                 EXPORT           CMP0_IRQHandler         [WEAK]
  201 0000003A                 EXPORT           FTM0_IRQHandler         [WEAK]
  202 0000003A                 EXPORT           FTM1_IRQHandler         [WEAK]
  203 0000003A                 EXPORT           Reserved35_IRQHandler         [
WEAK]
  204 0000003A                 EXPORT           RTC_IRQHandler         [WEAK]
  205 0000003A                 EXPORT           Reserved37_IRQHandler         [
WEAK]
  206 0000003A                 EXPORT           LPIT0_IRQHandler         [WEAK]
  207 0000003A                 EXPORT           Reserved39_IRQHandler         [
WEAK]
  208 0000003A                 EXPORT           TSI_IRQHandler         [WEAK]
  209 0000003A                 EXPORT           PDB0_IRQHandler         [WEAK]
  210 0000003A                 EXPORT           PORTBCD_IRQHandler         [WEA
K]
  211 0000003A                 EXPORT           SCG_RCM_IRQHandler         [WEA
K]
  212 0000003A                 EXPORT           WDOG_EWM_IRQHandler         [WE
AK]
  213 0000003A                 EXPORT           PWT_LPTMR0_IRQHandler         [
WEAK]
  214 0000003A                 EXPORT           MSCAN_DriverIRQHandler         
[WEAK]
  215 0000003A                 EXPORT           DefaultISR         [WEAK]
  216 0000003A         Reserved16_IRQHandler
  217 0000003A         Reserved17_IRQHandler
  218 0000003A         Reserved18_IRQHandler
  219 0000003A         Reserved19_IRQHandler
  220 0000003A         Reserved20_IRQHandler
  221 0000003A         FTFA_IRQHandler
  222 0000003A         LVD_LVW_IRQHandler
  223 0000003A         PORTAE_IRQHandler
  224 0000003A         LPI2C0_DriverIRQHandler
  225 0000003A         Reserved25_IRQHandler
  226 0000003A         LPSPI0_DriverIRQHandler
  227 0000003A         Reserved27_IRQHandler
  228 0000003A         LPUART0_DriverIRQHandler
  229 0000003A         LPUART1_DriverIRQHandler
  230 0000003A         LPUART2_DriverIRQHandler
  231 0000003A         ADC0_IRQHandler
  232 0000003A         CMP0_IRQHandler
  233 0000003A         FTM0_IRQHandler
  234 0000003A         FTM1_IRQHandler
  235 0000003A         Reserved35_IRQHandler
  236 0000003A         RTC_IRQHandler
  237 0000003A         Reserved37_IRQHandler
  238 0000003A         LPIT0_IRQHandler
  239 0000003A         Reserved39_IRQHandler
  240 0000003A         TSI_IRQHandler
  241 0000003A         PDB0_IRQHandler
  242 0000003A         PORTBCD_IRQHandler
  243 0000003A         SCG_RCM_IRQHandler
  244 0000003A         WDOG_EWM_IRQHandler
  245 0000003A         PWT_LPTMR0_IRQHandler
  246 0000003A         MSCAN_DriverIRQHandler



ARM Macro Assembler    Page 7 


  247 0000003A         DefaultISR
  248 0000003A 480B            LDR              R0, =DefaultISR
  249 0000003C 4700            BX               R0
  250 0000003E                 ENDP
  251 0000003E 00 00           ALIGN
  252 00000040         
  253 00000040         
  254 00000040                 END
              E000ED08 
              00000000 
              00000000 
              00000000 
              00000000 
              00000000 
              00000000 
              00000000 
              00000000 
              00000000 
              00000000 
Command Line: --debug --diag_suppress=9931 --cpu=Cortex-M0+ --apcs=interwork --
depend=.\output\startup_mke16z4.d -o.\output\startup_mke16z4.o -I.\RTE\_ZkApp -
IE:\WindowApp\Keil_v5\ARM\PACK\NXP\MKE16Z4_DFP\11.0.0 -IE:\WindowApp\Keil_v5\AR
M\CMSIS\Include --predefine="__MICROLIB SETA 1" --predefine="__UVISION_VERSION 
SETA 523" --predefine="CPU_MKE16Z32VLD4 SETA 1" --list=.\listings\startup_mke16
z4.lst ..\..\Core\startup_MKE16Z4.s
